Starting the development server...

Compiled successfully!

You can now view afamar-frontend in the browser.

  Local:            http://localhost:3000
  On Your Network:  http://192.168.0.12:3000

Note that the development build is not optimized.
To create a production build, use npm run build.

webpack compiled [1m[32msuccessfully[39m[22m
Compiling...
Compiled with warnings.

[eslint] 
src\components\ordenes\OrdenesList.js
  Line 3:24:   'Eye' is defined but never used                                                                          no-unused-vars
  Line 25:32:  React Hook useEffect has a missing dependency: 'load'. Either include it or remove the dependency array  react-hooks/exhaustive-deps

Search for the keywords to learn more about each warning.
To ignore, add // eslint-disable-next-line to the line before.

[1m[33mWARNING[39m[22m in [1m[eslint] 
src\components\ordenes\OrdenesList.js
  Line 3:24:   'Eye' is defined but never used                                                                          no-unused-vars
  Line 25:32:  React Hook useEffect has a missing dependency: 'load'. Either include it or remove the dependency array  react-hooks/exhaustive-deps

[39m[22m

webpack compiled with [1m[33m1 warning[39m[22m
Compiling...
Compiled with warnings.

[eslint] 
src\components\ordenes\OrdenesList.js
  Line 3:24:   'Eye' is defined but never used                                                                          no-unused-vars
  Line 25:32:  React Hook useEffect has a missing dependency: 'load'. Either include it or remove the dependency array  react-hooks/exhaustive-deps

Search for the keywords to learn more about each warning.
To ignore, add // eslint-disable-next-line to the line before.

[1m[33mWARNING[39m[22m in [1m[eslint] 
src\components\ordenes\OrdenesList.js
  Line 3:24:   'Eye' is defined but never used                                                                          no-unused-vars
  Line 25:32:  React Hook useEffect has a missing dependency: 'load'. Either include it or remove the dependency array  react-hooks/exhaustive-deps

[39m[22m

webpack compiled with [1m[33m1 warning[39m[22m
Compiling...
Compiled with warnings.

[eslint] 
src\components\ordenes\OrdenesList.js
  Line 3:24:   'Eye' is defined but never used                                                                          no-unused-vars
  Line 25:32:  React Hook useEffect has a missing dependency: 'load'. Either include it or remove the dependency array  react-hooks/exhaustive-deps

Search for the keywords to learn more about each warning.
To ignore, add // eslint-disable-next-line to the line before.

[1m[33mWARNING[39m[22m in [1m[eslint] 
src\components\ordenes\OrdenesList.js
  Line 3:24:   'Eye' is defined but never used                                                                          no-unused-vars
  Line 25:32:  React Hook useEffect has a missing dependency: 'load'. Either include it or remove the dependency array  react-hooks/exhaustive-deps

[39m[22m

webpack compiled with [1m[33m1 warning[39m[22m
Compiling...
Compiled with warnings.

[eslint] 
src\components\ordenes\OrdenForm.js
  Line 5:10:  'estadosOrden' is defined but never used  no-unused-vars

src\components\ordenes\OrdenesList.js
  Line 3:24:   'Eye' is defined but never used                                                                          no-unused-vars
  Line 25:32:  React Hook useEffect has a missing dependency: 'load'. Either include it or remove the dependency array  react-hooks/exhaustive-deps

Search for the keywords to learn more about each warning.
To ignore, add // eslint-disable-next-line to the line before.

[1m[33mWARNING[39m[22m in [1m[eslint] 
src\components\ordenes\OrdenForm.js
  Line 5:10:  'estadosOrden' is defined but never used  no-unused-vars

src\components\ordenes\OrdenesList.js
  Line 3:24:   'Eye' is defined but never used                                                                          no-unused-vars
  Line 25:32:  React Hook useEffect has a missing dependency: 'load'. Either include it or remove the dependency array  react-hooks/exhaustive-deps

[39m[22m

webpack compiled with [1m[33m1 warning[39m[22m
Compiling...
Compiled with warnings.

[eslint] 
src\components\ordenes\OrdenForm.js
  Line 5:10:  'estadosOrden' is defined but never used  no-unused-vars

src\components\ordenes\OrdenesList.js
  Line 3:24:   'Eye' is defined but never used                                                                          no-unused-vars
  Line 25:32:  React Hook useEffect has a missing dependency: 'load'. Either include it or remove the dependency array  react-hooks/exhaustive-deps

Search for the keywords to learn more about each warning.
To ignore, add // eslint-disable-next-line to the line before.

[1m[33mWARNING[39m[22m in [1m[eslint] 
src\components\ordenes\OrdenForm.js
  Line 5:10:  'estadosOrden' is defined but never used  no-unused-vars

src\components\ordenes\OrdenesList.js
  Line 3:24:   'Eye' is defined but never used                                                                          no-unused-vars
  Line 25:32:  React Hook useEffect has a missing dependency: 'load'. Either include it or remove the dependency array  react-hooks/exhaustive-deps

[39m[22m

webpack compiled with [1m[33m1 warning[39m[22m
Compiling...
Compiled with warnings.

[eslint] 
src\components\ordenes\OrdenForm.js
  Line 5:10:  'estadosOrden' is defined but never used  no-unused-vars

src\components\ordenes\OrdenesList.js
  Line 3:24:   'Eye' is defined but never used                                                                          no-unused-vars
  Line 25:32:  React Hook useEffect has a missing dependency: 'load'. Either include it or remove the dependency array  react-hooks/exhaustive-deps

Search for the keywords to learn more about each warning.
To ignore, add // eslint-disable-next-line to the line before.

[1m[33mWARNING[39m[22m in [1m[eslint] 
src\components\ordenes\OrdenForm.js
  Line 5:10:  'estadosOrden' is defined but never used  no-unused-vars

src\components\ordenes\OrdenesList.js
  Line 3:24:   'Eye' is defined but never used                                                                          no-unused-vars
  Line 25:32:  React Hook useEffect has a missing dependency: 'load'. Either include it or remove the dependency array  react-hooks/exhaustive-deps

[39m[22m

webpack compiled with [1m[33m1 warning[39m[22m
Compiling...
Compiled with warnings.

[eslint] 
src\components\ordenes\OrdenesList.js
  Line 3:24:   'Eye' is defined but never used                                                                          no-unused-vars
  Line 25:32:  React Hook useEffect has a missing dependency: 'load'. Either include it or remove the dependency array  react-hooks/exhaustive-deps

Search for the keywords to learn more about each warning.
To ignore, add // eslint-disable-next-line to the line before.

[1m[33mWARNING[39m[22m in [1m[eslint] 
src\components\ordenes\OrdenesList.js
  Line 3:24:   'Eye' is defined but never used                                                                          no-unused-vars
  Line 25:32:  React Hook useEffect has a missing dependency: 'load'. Either include it or remove the dependency array  react-hooks/exhaustive-deps

[39m[22m

webpack compiled with [1m[33m1 warning[39m[22m
Compiling...
Failed to compile.

[eslint] 
src\components\ordenes\OrdenForm.js
  Line 146:20:  'estadosOrden' is not defined  no-undef

Search for the keywords to learn more about each error.
[1m[33mWARNING[39m[22m in [1m[eslint] 
src\components\ordenes\OrdenForm.js
  Line 5:10:  'formatCurrency' is defined but never used                 no-unused-vars
  Line 8:7:   'estadosOrdenDropdown' is assigned a value but never used  no-unused-vars

src\components\ordenes\OrdenesList.js
  Line 3:24:   'Eye' is defined but never used                                                                          no-unused-vars
  Line 25:32:  React Hook useEffect has a missing dependency: 'load'. Either include it or remove the dependency array  react-hooks/exhaustive-deps

[39m[22m

[1m[31mERROR[39m[22m in [1m[eslint] 
src\components\ordenes\OrdenForm.js
  Line 146:20:  'estadosOrden' is not defined  no-undef

Search for the keywords to learn more about each [1m[31merror[39m[22m[1m.[39m[22m

webpack compiled with [1m[31m1 error[39m[22m and [1m[33m1 warning[39m[22m
Compiling...
Failed to compile.

[eslint] 
src\components\ordenes\OrdenForm.js
  Line 146:20:  'estadosOrden' is not defined  no-undef

Search for the keywords to learn more about each error.
[1m[33mWARNING[39m[22m in [1m[eslint] 
src\components\ordenes\OrdenForm.js
  Line 5:10:  'formatCurrency' is defined but never used                 no-unused-vars
  Line 8:7:   'estadosOrdenDropdown' is assigned a value but never used  no-unused-vars

src\components\ordenes\OrdenesList.js
  Line 3:24:   'Eye' is defined but never used                                                                          no-unused-vars
  Line 25:32:  React Hook useEffect has a missing dependency: 'load'. Either include it or remove the dependency array  react-hooks/exhaustive-deps

[39m[22m

[1m[31mERROR[39m[22m in [1m[eslint] 
src\components\ordenes\OrdenForm.js
  Line 146:20:  'estadosOrden' is not defined  no-undef

Search for the keywords to learn more about each [1m[31merror[39m[22m[1m.[39m[22m

webpack compiled with [1m[31m1 error[39m[22m and [1m[33m1 warning[39m[22m
Compiling...
Failed to compile.

[eslint] 
src\components\ordenes\OrdenForm.js
  Line 147:20:  'estadosOrden' is not defined  no-undef

Search for the keywords to learn more about each error.
[1m[33mWARNING[39m[22m in [1m[eslint] 
src\components\ordenes\OrdenForm.js
  Line 5:10:  'formatCurrency' is defined but never used                 no-unused-vars
  Line 8:7:   'estadosOrdenDropdown' is assigned a value but never used  no-unused-vars

src\components\ordenes\OrdenesList.js
  Line 3:24:   'Eye' is defined but never used                                                                          no-unused-vars
  Line 25:32:  React Hook useEffect has a missing dependency: 'load'. Either include it or remove the dependency array  react-hooks/exhaustive-deps

[39m[22m

[1m[31mERROR[39m[22m in [1m[eslint] 
src\components\ordenes\OrdenForm.js
  Line 147:20:  'estadosOrden' is not defined  no-undef

Search for the keywords to learn more about each [1m[31merror[39m[22m[1m.[39m[22m

webpack compiled with [1m[31m1 error[39m[22m and [1m[33m1 warning[39m[22m
Compiling...
Failed to compile.

[eslint] 
src\components\ordenes\OrdenForm.js
  Line 154:20:  'estadosOrden' is not defined  no-undef

Search for the keywords to learn more about each error.
[1m[33mWARNING[39m[22m in [1m[eslint] 
src\components\ordenes\OrdenForm.js
  Line 5:10:  'formatCurrency' is defined but never used                 no-unused-vars
  Line 8:7:   'estadosOrdenDropdown' is assigned a value but never used  no-unused-vars

src\components\ordenes\OrdenesList.js
  Line 3:24:   'Eye' is defined but never used                                                                          no-unused-vars
  Line 25:32:  React Hook useEffect has a missing dependency: 'load'. Either include it or remove the dependency array  react-hooks/exhaustive-deps

[39m[22m

[1m[31mERROR[39m[22m in [1m[eslint] 
src\components\ordenes\OrdenForm.js
  Line 154:20:  'estadosOrden' is not defined  no-undef

Search for the keywords to learn more about each [1m[31merror[39m[22m[1m.[39m[22m

webpack compiled with [1m[31m1 error[39m[22m and [1m[33m1 warning[39m[22m
Compiling...
Failed to compile.

[eslint] 
src\components\ordenes\OrdenForm.js
  Line 155:20:  'estadosOrden' is not defined  no-undef

Search for the keywords to learn more about each error.
[1m[33mWARNING[39m[22m in [1m[eslint] 
src\components\ordenes\OrdenForm.js
  Line 5:10:  'formatCurrency' is defined but never used                 no-unused-vars
  Line 8:7:   'estadosOrdenDropdown' is assigned a value but never used  no-unused-vars

src\components\ordenes\OrdenesList.js
  Line 3:24:   'Eye' is defined but never used                                                                          no-unused-vars
  Line 25:32:  React Hook useEffect has a missing dependency: 'load'. Either include it or remove the dependency array  react-hooks/exhaustive-deps

[39m[22m

[1m[31mERROR[39m[22m in [1m[eslint] 
src\components\ordenes\OrdenForm.js
  Line 155:20:  'estadosOrden' is not defined  no-undef

Search for the keywords to learn more about each [1m[31merror[39m[22m[1m.[39m[22m

webpack compiled with [1m[31m1 error[39m[22m and [1m[33m1 warning[39m[22m
Compiling...
Compiled with warnings.

[eslint] 
src\components\ordenes\OrdenForm.js
  Line 5:10:  'formatCurrency' is defined but never used  no-unused-vars

src\components\ordenes\OrdenesList.js
  Line 3:24:   'Eye' is defined but never used                                                                          no-unused-vars
  Line 25:32:  React Hook useEffect has a missing dependency: 'load'. Either include it or remove the dependency array  react-hooks/exhaustive-deps

Search for the keywords to learn more about each warning.
To ignore, add // eslint-disable-next-line to the line before.

[1m[33mWARNING[39m[22m in [1m[eslint] 
src\components\ordenes\OrdenForm.js
  Line 5:10:  'formatCurrency' is defined but never used  no-unused-vars

src\components\ordenes\OrdenesList.js
  Line 3:24:   'Eye' is defined but never used                                                                          no-unused-vars
  Line 25:32:  React Hook useEffect has a missing dependency: 'load'. Either include it or remove the dependency array  react-hooks/exhaustive-deps

[39m[22m

webpack compiled with [1m[33m1 warning[39m[22m
Compiling...
Compiled with warnings.

[eslint] 
src\components\ordenes\OrdenesList.js
  Line 3:24:   'Eye' is defined but never used                                                                          no-unused-vars
  Line 25:32:  React Hook useEffect has a missing dependency: 'load'. Either include it or remove the dependency array  react-hooks/exhaustive-deps

Search for the keywords to learn more about each warning.
To ignore, add // eslint-disable-next-line to the line before.

[1m[33mWARNING[39m[22m in [1m[eslint] 
src\components\ordenes\OrdenesList.js
  Line 3:24:   'Eye' is defined but never used                                                                          no-unused-vars
  Line 25:32:  React Hook useEffect has a missing dependency: 'load'. Either include it or remove the dependency array  react-hooks/exhaustive-deps

[39m[22m

webpack compiled with [1m[33m1 warning[39m[22m
Compiling...
Compiled with warnings.

[eslint] 
src\components\ordenes\OrdenesList.js
  Line 25:32:  React Hook useEffect has a missing dependency: 'load'. Either include it or remove the dependency array  react-hooks/exhaustive-deps

Search for the keywords to learn more about each warning.
To ignore, add // eslint-disable-next-line to the line before.

[1m[33mWARNING[39m[22m in [1m[eslint] 
src\components\ordenes\OrdenesList.js
  Line 25:32:  React Hook useEffect has a missing dependency: 'load'. Either include it or remove the dependency array  react-hooks/exhaustive-deps

[39m[22m

webpack compiled with [1m[33m1 warning[39m[22m
Compiling...
Failed to compile.

[eslint] 
src\components\Layout.js
  Line 18:20:  'useLocation' is not defined  no-undef

Search for the keywords to learn more about each error.
[1m[33mWARNING[39m[22m in [1m[eslint] 
src\components\Layout.js
  Line 18:9:  'location' is assigned a value but never used  no-unused-vars

src\components\ordenes\OrdenesList.js
  Line 25:32:  React Hook useEffect has a missing dependency: 'load'. Either include it or remove the dependency array  react-hooks/exhaustive-deps

[39m[22m

[1m[31mERROR[39m[22m in [1m[eslint] 
src\components\Layout.js
  Line 18:20:  'useLocation' is not defined  no-undef

Search for the keywords to learn more about each [1m[31merror[39m[22m[1m.[39m[22m

webpack compiled with [1m[31m1 error[39m[22m and [1m[33m1 warning[39m[22m
Compiling...
Compiled with warnings.

[eslint] 
src\components\ordenes\OrdenesList.js
  Line 25:32:  React Hook useEffect has a missing dependency: 'load'. Either include it or remove the dependency array  react-hooks/exhaustive-deps

Search for the keywords to learn more about each warning.
To ignore, add // eslint-disable-next-line to the line before.

[1m[33mWARNING[39m[22m in [1m[eslint] 
src\components\ordenes\OrdenesList.js
  Line 25:32:  React Hook useEffect has a missing dependency: 'load'. Either include it or remove the dependency array  react-hooks/exhaustive-deps

[39m[22m

webpack compiled with [1m[33m1 warning[39m[22m
Compiling...
Compiled with warnings.

[eslint] 
src\components\clientes\ClientesList.js
  Line 24:6:  React Hook useEffect has a missing dependency: 'load'. Either include it or remove the dependency array  react-hooks/exhaustive-deps

src\components\ordenes\OrdenesList.js
  Line 25:32:  React Hook useEffect has a missing dependency: 'load'. Either include it or remove the dependency array  react-hooks/exhaustive-deps

Search for the keywords to learn more about each warning.
To ignore, add // eslint-disable-next-line to the line before.

[1m[33mWARNING[39m[22m in [1m[eslint] 
src\components\clientes\ClientesList.js
  Line 24:6:  React Hook useEffect has a missing dependency: 'load'. Either include it or remove the dependency array  react-hooks/exhaustive-deps

src\components\ordenes\OrdenesList.js
  Line 25:32:  React Hook useEffect has a missing dependency: 'load'. Either include it or remove the dependency array  react-hooks/exhaustive-deps

[39m[22m

webpack compiled with [1m[33m1 warning[39m[22m
Compiling...
Compiled with warnings.

[eslint] 
src\components\ordenes\OrdenesList.js
  Line 25:32:  React Hook useEffect has a missing dependency: 'load'. Either include it or remove the dependency array  react-hooks/exhaustive-deps

Search for the keywords to learn more about each warning.
To ignore, add // eslint-disable-next-line to the line before.

[1m[33mWARNING[39m[22m in [1m[eslint] 
src\components\ordenes\OrdenesList.js
  Line 25:32:  React Hook useEffect has a missing dependency: 'load'. Either include it or remove the dependency array  react-hooks/exhaustive-deps

[39m[22m

webpack compiled with [1m[33m1 warning[39m[22m
Compiling...
Compiled with warnings.

[eslint] 
src\components\ordenes\OrdenesList.js
  Line 25:32:  React Hook useEffect has a missing dependency: 'load'. Either include it or remove the dependency array  react-hooks/exhaustive-deps

Search for the keywords to learn more about each warning.
To ignore, add // eslint-disable-next-line to the line before.

[1m[33mWARNING[39m[22m in [1m[eslint] 
src\components\ordenes\OrdenesList.js
  Line 25:32:  React Hook useEffect has a missing dependency: 'load'. Either include it or remove the dependency array  react-hooks/exhaustive-deps

[39m[22m

webpack compiled with [1m[33m1 warning[39m[22m
Compiling...
Compiled successfully!
webpack compiled [1m[32msuccessfully[39m[22m
Compiling...
Compiled successfully!
webpack compiled [1m[32msuccessfully[39m[22m
Compiling...
Compiled successfully!
webpack compiled [1m[32msuccessfully[39m[22m
Compiling...
Compiled successfully!
webpack compiled [1m[32msuccessfully[39m[22m
Compiling...
Failed to compile.

[eslint] 
src\components\ordenes\OrdenesList.js
  Line 36:17:   'estadosOrden' is not defined  no-undef
  Line 37:15:   'estadosOrden' is not defined  no-undef
  Line 38:20:   'estadosOrden' is not defined  no-undef
  Line 45:17:   'estadosOrden' is not defined  no-undef
  Line 47:20:   'estadosOrden' is not defined  no-undef
  Line 70:14:   'estadosOrden' is not defined  no-undef
  Line 109:39:  'estadosOrden' is not defined  no-undef
  Line 114:39:  'estadosOrden' is not defined  no-undef
  Line 114:52:  'estadosOrden' is not defined  no-undef

Search for the keywords to learn more about each error.
[1m[33mWARNING[39m[22m in [1m[eslint] 
src\components\ordenes\OrdenesList.js
  Line 5:50:  'estadosOrdenDropdown' is defined but never used  no-unused-vars

[39m[22m

[1m[31mERROR[39m[22m in [1m[eslint] 
src\components\ordenes\OrdenesList.js
  Line 36:17:   'estadosOrden' is not defined  no-undef
  Line 37:15:   'estadosOrden' is not defined  no-undef
  Line 38:20:   'estadosOrden' is not defined  no-undef
  Line 45:17:   'estadosOrden' is not defined  no-undef
  Line 47:20:   'estadosOrden' is not defined  no-undef
  Line 70:14:   'estadosOrden' is not defined  no-undef
  Line 109:39:  'estadosOrden' is not defined  no-undef
  Line 114:39:  'estadosOrden' is not defined  no-undef
  Line 114:52:  'estadosOrden' is not defined  no-undef

Search for the keywords to learn more about each [1m[31merror[39m[22m[1m.[39m[22m

webpack compiled with [1m[31m1 error[39m[22m and [1m[33m1 warning[39m[22m
Compiling...
Failed to compile.

[eslint] 
src\components\ordenes\OrdenesList.js
  Line 70:14:   'estadosOrden' is not defined  no-undef
  Line 109:39:  'estadosOrden' is not defined  no-undef
  Line 114:39:  'estadosOrden' is not defined  no-undef
  Line 114:52:  'estadosOrden' is not defined  no-undef

Search for the keywords to learn more about each error.
[1m[31mERROR[39m[22m in [1m[eslint] 
src\components\ordenes\OrdenesList.js
  Line 70:14:   'estadosOrden' is not defined  no-undef
  Line 109:39:  'estadosOrden' is not defined  no-undef
  Line 114:39:  'estadosOrden' is not defined  no-undef
  Line 114:52:  'estadosOrden' is not defined  no-undef

Search for the keywords to learn more about each [1m[31merror[39m[22m[1m.[39m[22m

webpack compiled with [1m[31m1 error[39m[22m
Compiling...
Failed to compile.

[eslint] 
src\components\ordenes\OrdenesList.js
  Line 109:39:  'estadosOrden' is not defined  no-undef
  Line 114:39:  'estadosOrden' is not defined  no-undef
  Line 114:52:  'estadosOrden' is not defined  no-undef

Search for the keywords to learn more about each error.
[1m[31mERROR[39m[22m in [1m[eslint] 
src\components\ordenes\OrdenesList.js
  Line 109:39:  'estadosOrden' is not defined  no-undef
  Line 114:39:  'estadosOrden' is not defined  no-undef
  Line 114:52:  'estadosOrden' is not defined  no-undef

Search for the keywords to learn more about each [1m[31merror[39m[22m[1m.[39m[22m

webpack compiled with [1m[31m1 error[39m[22m
Compiling...
Compiled successfully!
webpack compiled [1m[32msuccessfully[39m[22m
Compiling...
Compiled with warnings.

[eslint] 
src\components\presupuestos\PresupuestoForm.js
  Line 16:7:  'TIPOS_FRENTE' is assigned a value but never used  no-unused-vars

Search for the keywords to learn more about each warning.
To ignore, add // eslint-disable-next-line to the line before.

[1m[33mWARNING[39m[22m in [1m[eslint] 
src\components\presupuestos\PresupuestoForm.js
  Line 16:7:  'TIPOS_FRENTE' is assigned a value but never used  no-unused-vars

[39m[22m

webpack compiled with [1m[33m1 warning[39m[22m
Compiling...
Compiled with warnings.

[eslint] 
src\components\presupuestos\PresupuestoForm.js
  Line 16:7:  'TIPOS_FRENTE' is assigned a value but never used  no-unused-vars

Search for the keywords to learn more about each warning.
To ignore, add // eslint-disable-next-line to the line before.

[1m[33mWARNING[39m[22m in [1m[eslint] 
src\components\presupuestos\PresupuestoForm.js
  Line 16:7:  'TIPOS_FRENTE' is assigned a value but never used  no-unused-vars

[39m[22m

webpack compiled with [1m[33m1 warning[39m[22m
Compiling...
Compiled with warnings.

[eslint] 
src\components\presupuestos\PresupuestoForm.js
  Line 16:7:  'TIPOS_FRENTE' is assigned a value but never used  no-unused-vars

Search for the keywords to learn more about each warning.
To ignore, add // eslint-disable-next-line to the line before.

[1m[33mWARNING[39m[22m in [1m[eslint] 
src\components\presupuestos\PresupuestoForm.js
  Line 16:7:  'TIPOS_FRENTE' is assigned a value but never used  no-unused-vars

[39m[22m

webpack compiled with [1m[33m1 warning[39m[22m
Compiling...
Compiled with warnings.

[eslint] 
src\components\presupuestos\PresupuestoForm.js
  Line 16:7:  'TIPOS_FRENTE' is assigned a value but never used  no-unused-vars

Search for the keywords to learn more about each warning.
To ignore, add // eslint-disable-next-line to the line before.

[1m[33mWARNING[39m[22m in [1m[eslint] 
src\components\presupuestos\PresupuestoForm.js
  Line 16:7:  'TIPOS_FRENTE' is assigned a value but never used  no-unused-vars

[39m[22m

webpack compiled with [1m[33m1 warning[39m[22m
Compiling...
Compiled with warnings.

[eslint] 
src\components\presupuestos\PresupuestoForm.js
  Line 16:7:  'TIPOS_FRENTE' is assigned a value but never used  no-unused-vars

Search for the keywords to learn more about each warning.
To ignore, add // eslint-disable-next-line to the line before.

[1m[33mWARNING[39m[22m in [1m[eslint] 
src\components\presupuestos\PresupuestoForm.js
  Line 16:7:  'TIPOS_FRENTE' is assigned a value but never used  no-unused-vars

[39m[22m

webpack compiled with [1m[33m1 warning[39m[22m
Compiling...
Compiled with warnings.

[eslint] 
src\components\presupuestos\PresupuestoForm.js
  Line 16:7:  'TIPOS_FRENTE' is assigned a value but never used  no-unused-vars

Search for the keywords to learn more about each warning.
To ignore, add // eslint-disable-next-line to the line before.

[1m[33mWARNING[39m[22m in [1m[eslint] 
src\components\presupuestos\PresupuestoForm.js
  Line 16:7:  'TIPOS_FRENTE' is assigned a value but never used  no-unused-vars

[39m[22m

webpack compiled with [1m[33m1 warning[39m[22m
Compiling...
Compiled with warnings.

[eslint] 
src\components\presupuestos\PresupuestoForm.js
  Line 16:7:  'TIPOS_FRENTE' is assigned a value but never used  no-unused-vars

Search for the keywords to learn more about each warning.
To ignore, add // eslint-disable-next-line to the line before.

[1m[33mWARNING[39m[22m in [1m[eslint] 
src\components\presupuestos\PresupuestoForm.js
  Line 16:7:  'TIPOS_FRENTE' is assigned a value but never used  no-unused-vars

[39m[22m

webpack compiled with [1m[33m1 warning[39m[22m
Compiling...
Compiled with warnings.

[eslint] 
src\components\presupuestos\PresupuestoForm.js
  Line 16:7:  'TIPOS_FRENTE' is assigned a value but never used  no-unused-vars

Search for the keywords to learn more about each warning.
To ignore, add // eslint-disable-next-line to the line before.

[1m[33mWARNING[39m[22m in [1m[eslint] 
src\components\presupuestos\PresupuestoForm.js
  Line 16:7:  'TIPOS_FRENTE' is assigned a value but never used  no-unused-vars

[39m[22m

webpack compiled with [1m[33m1 warning[39m[22m
Compiling...
Compiled successfully!
webpack compiled [1m[32msuccessfully[39m[22m
Compiling...
Compiled with warnings.

[eslint] 
src\components\presupuestos\PresupuestoForm.js
  Line 35:10:  'piletas' is assigned a value but never used  no-unused-vars

Search for the keywords to learn more about each warning.
To ignore, add // eslint-disable-next-line to the line before.

[1m[33mWARNING[39m[22m in [1m[eslint] 
src\components\presupuestos\PresupuestoForm.js
  Line 35:10:  'piletas' is assigned a value but never used  no-unused-vars

[39m[22m

webpack compiled with [1m[33m1 warning[39m[22m
Compiling...
Failed to compile.

[eslint] 
src\components\presupuestos\PresupuestoForm.js
  Line 51:7:  'getPiletas' is not defined  no-undef

Search for the keywords to learn more about each error.
[1m[33mWARNING[39m[22m in [1m[eslint] 
src\components\presupuestos\PresupuestoForm.js
  Line 35:10:  'piletas' is assigned a value but never used  no-unused-vars

[39m[22m

[1m[31mERROR[39m[22m in [1m[eslint] 
src\components\presupuestos\PresupuestoForm.js
  Line 51:7:  'getPiletas' is not defined  no-undef

Search for the keywords to learn more about each [1m[31merror[39m[22m[1m.[39m[22m

webpack compiled with [1m[31m1 error[39m[22m and [1m[33m1 warning[39m[22m
Compiling...
Failed to compile.

[eslint] 
src\components\presupuestos\PresupuestoForm.js
  Line 50:7:  'getPiletas' is not defined  no-undef
  Line 54:7:  'setPiletas' is not defined  no-undef

Search for the keywords to learn more about each error.
[1m[31mERROR[39m[22m in [1m[eslint] 
src\components\presupuestos\PresupuestoForm.js
  Line 50:7:  'getPiletas' is not defined  no-undef
  Line 54:7:  'setPiletas' is not defined  no-undef

Search for the keywords to learn more about each [1m[31merror[39m[22m[1m.[39m[22m

webpack compiled with [1m[31m1 error[39m[22m
Compiling...
Compiled successfully!
webpack compiled [1m[32msuccessfully[39m[22m
Compiling...
Compiled successfully!
webpack compiled [1m[32msuccessfully[39m[22m
Compiling...
Compiled successfully!
webpack compiled [1m[32msuccessfully[39m[22m
Compiling...
Compiled with warnings.

[eslint] 
src\components\presupuestos\PresupuestosList.js
  Line 35:32:  React Hook useEffect has a missing dependency: 'load'. Either include it or remove the dependency array  react-hooks/exhaustive-deps

Search for the keywords to learn more about each warning.
To ignore, add // eslint-disable-next-line to the line before.

[1m[33mWARNING[39m[22m in [1m[eslint] 
src\components\presupuestos\PresupuestosList.js
  Line 35:32:  React Hook useEffect has a missing dependency: 'load'. Either include it or remove the dependency array  react-hooks/exhaustive-deps

[39m[22m

webpack compiled with [1m[33m1 warning[39m[22m
Compiling...
Compiled with warnings.

[eslint] 
src\components\presupuestos\PresupuestosList.js
  Line 1:38:   'useCallback' is defined but never used                                                                  no-unused-vars
  Line 35:32:  React Hook useEffect has a missing dependency: 'load'. Either include it or remove the dependency array  react-hooks/exhaustive-deps

Search for the keywords to learn more about each warning.
To ignore, add // eslint-disable-next-line to the line before.

[1m[33mWARNING[39m[22m in [1m[eslint] 
src\components\presupuestos\PresupuestosList.js
  Line 1:38:   'useCallback' is defined but never used                                                                  no-unused-vars
  Line 35:32:  React Hook useEffect has a missing dependency: 'load'. Either include it or remove the dependency array  react-hooks/exhaustive-deps

[39m[22m

webpack compiled with [1m[33m1 warning[39m[22m
Compiling...
Compiled successfully!
webpack compiled [1m[32msuccessfully[39m[22m
Compiling...
Compiled successfully!
webpack compiled [1m[32msuccessfully[39m[22m
Compiling...
Compiled successfully!
webpack compiled [1m[32msuccessfully[39m[22m
Compiling...
Compiled successfully!
webpack compiled [1m[32msuccessfully[39m[22m
Compiling...
Compiled successfully!
webpack compiled [1m[32msuccessfully[39m[22m
Compiling...
Compiled successfully!
webpack compiled [1m[32msuccessfully[39m[22m
Compiling...
Compiled successfully!
webpack compiled [1m[32msuccessfully[39m[22m
Compiling...
Compiled successfully!
webpack compiled [1m[32msuccessfully[39m[22m
Compiling...
Compiled successfully!
webpack compiled [1m[32msuccessfully[39m[22m
Compiling...
Compiled successfully!
webpack compiled [1m[32msuccessfully[39m[22m
Compiling...
Compiled successfully!
webpack compiled [1m[32msuccessfully[39m[22m
Compiling...
Compiled successfully!
webpack compiled [1m[32msuccessfully[39m[22m
Compiling...
Compiled successfully!
webpack compiled [1m[32msuccessfully[39m[22m
Compiling...
Compiled successfully!
webpack compiled [1m[32msuccessfully[39m[22m
Compiling...
Compiled successfully!
webpack compiled [1m[32msuccessfully[39m[22m
Compiling...
Compiled successfully!
webpack compiled [1m[32msuccessfully[39m[22m
Compiling...
Compiled successfully!
webpack compiled [1m[32msuccessfully[39m[22m
Compiling...
Compiled successfully!
webpack compiled [1m[32msuccessfully[39m[22m
Compiling...
Compiled successfully!
webpack compiled [1m[32msuccessfully[39m[22m
Compiling...
Compiled successfully!
webpack compiled [1m[32msuccessfully[39m[22m
Compiling...
Compiled successfully!
webpack compiled [1m[32msuccessfully[39m[22m
Compiling...
Compiled successfully!
webpack compiled [1m[32msuccessfully[39m[22m
Compiling...
Compiled successfully!
webpack compiled [1m[32msuccessfully[39m[22m
Compiling...
Compiled successfully!
webpack compiled [1m[32msuccessfully[39m[22m
Compiling...
Compiled successfully!
webpack compiled [1m[32msuccessfully[39m[22m
Compiling...
Compiled successfully!
webpack compiled [1m[32msuccessfully[39m[22m
Compiling...
Compiled successfully!
webpack compiled [1m[32msuccessfully[39m[22m
Compiling...
Compiled successfully!
webpack compiled [1m[32msuccessfully[39m[22m
Compiling...
Compiled successfully!
webpack compiled [1m[32msuccessfully[39m[22m
Compiling...
Compiled successfully!
webpack compiled [1m[32msuccessfully[39m[22m
Compiling...
Compiled successfully!
webpack compiled [1m[32msuccessfully[39m[22m
Compiling...
Compiled successfully!
webpack compiled [1m[32msuccessfully[39m[22m
Compiling...
Compiled with warnings.

[eslint] 
src\components\materiales\MaterialesList.js
  Line 14:10:  'precioMoneda' is assigned a value but never used     no-unused-vars
  Line 14:24:  'setPrecioMoneda' is assigned a value but never used  no-unused-vars

Search for the keywords to learn more about each warning.
To ignore, add // eslint-disable-next-line to the line before.

[1m[33mWARNING[39m[22m in [1m[eslint] 
src\components\materiales\MaterialesList.js
  Line 14:10:  'precioMoneda' is assigned a value but never used     no-unused-vars
  Line 14:24:  'setPrecioMoneda' is assigned a value but never used  no-unused-vars

[39m[22m

webpack compiled with [1m[33m1 warning[39m[22m
Compiling...
Compiled successfully!
webpack compiled [1m[32msuccessfully[39m[22m
Compiling...
Compiled successfully!
webpack compiled [1m[32msuccessfully[39m[22m
Compiling...
Compiled successfully!
webpack compiled [1m[32msuccessfully[39m[22m
Compiling...
Compiled successfully!
webpack compiled [1m[32msuccessfully[39m[22m
Compiling...
Compiled successfully!
webpack compiled [1m[32msuccessfully[39m[22m
Compiling...
Compiled successfully!
webpack compiled [1m[32msuccessfully[39m[22m
Compiling...
Compiled successfully!
webpack compiled [1m[32msuccessfully[39m[22m
Compiling...
Compiled successfully!
webpack compiled [1m[32msuccessfully[39m[22m
Compiling...
Compiled successfully!
webpack compiled [1m[32msuccessfully[39m[22m
Compiling...
Compiled successfully!
webpack compiled [1m[32msuccessfully[39m[22m
Compiling...
Compiled successfully!
webpack compiled [1m[32msuccessfully[39m[22m
Compiling...
Compiled with warnings.

[eslint] 
src\components\presupuestos\PresupuestoForm.js
  Line 17:7:  'toMeters' is assigned a value but never used    no-unused-vars
  Line 18:7:  'fromMeters' is assigned a value but never used  no-unused-vars

Search for the keywords to learn more about each warning.
To ignore, add // eslint-disable-next-line to the line before.

[1m[33mWARNING[39m[22m in [1m[eslint] 
src\components\presupuestos\PresupuestoForm.js
  Line 17:7:  'toMeters' is assigned a value but never used    no-unused-vars
  Line 18:7:  'fromMeters' is assigned a value but never used  no-unused-vars

[39m[22m

webpack compiled with [1m[33m1 warning[39m[22m
Compiling...
Compiled with warnings.

[eslint] 
src\components\presupuestos\PresupuestoForm.js
  Line 18:7:  'fromMeters' is assigned a value but never used  no-unused-vars

Search for the keywords to learn more about each warning.
To ignore, add // eslint-disable-next-line to the line before.

[1m[33mWARNING[39m[22m in [1m[eslint] 
src\components\presupuestos\PresupuestoForm.js
  Line 18:7:  'fromMeters' is assigned a value but never used  no-unused-vars

[39m[22m

webpack compiled with [1m[33m1 warning[39m[22m
Compiling...
Compiled with warnings.

[eslint] 
src\components\presupuestos\PresupuestoForm.js
  Line 18:7:  'fromMeters' is assigned a value but never used  no-unused-vars

Search for the keywords to learn more about each warning.
To ignore, add // eslint-disable-next-line to the line before.

[1m[33mWARNING[39m[22m in [1m[eslint] 
src\components\presupuestos\PresupuestoForm.js
  Line 18:7:  'fromMeters' is assigned a value but never used  no-unused-vars

[39m[22m

webpack compiled with [1m[33m1 warning[39m[22m
Compiling...
Compiled successfully!
webpack compiled [1m[32msuccessfully[39m[22m
Compiling...
Compiled successfully!
webpack compiled [1m[32msuccessfully[39m[22m
Compiling...
Compiled successfully!
webpack compiled [1m[32msuccessfully[39m[22m
Compiling...
Compiled successfully!
webpack compiled [1m[32msuccessfully[39m[22m
Compiling...
Compiled successfully!
webpack compiled [1m[32msuccessfully[39m[22m
Compiling...
Compiled with warnings.

[eslint] 
src\components\presupuestos\PresupuestoForm.js
  Line 37:10:  'matPrecioCurrency' is assigned a value but never used     no-unused-vars
  Line 37:29:  'setMatPrecioCurrency' is assigned a value but never used  no-unused-vars

Search for the keywords to learn more about each warning.
To ignore, add // eslint-disable-next-line to the line before.

[1m[33mWARNING[39m[22m in [1m[eslint] 
src\components\presupuestos\PresupuestoForm.js
  Line 37:10:  'matPrecioCurrency' is assigned a value but never used     no-unused-vars
  Line 37:29:  'setMatPrecioCurrency' is assigned a value but never used  no-unused-vars

[39m[22m

webpack compiled with [1m[33m1 warning[39m[22m
Compiling...
Compiled successfully!
webpack compiled [1m[32msuccessfully[39m[22m
Compiling...
Compiled successfully!
webpack compiled [1m[32msuccessfully[39m[22m
Compiling...
Compiled successfully!
webpack compiled [1m[32msuccessfully[39m[22m
Compiling...
Compiled successfully!
webpack compiled [1m[32msuccessfully[39m[22m
Compiling...
Compiled successfully!
webpack compiled [1m[32msuccessfully[39m[22m
Compiling...
Compiled successfully!
webpack compiled [1m[32msuccessfully[39m[22m
